[debug] [2024-05-03T18:08:32.765Z] ----------------------------------------------------------------------
[debug] [2024-05-03T18:08:32.770Z] Command:       C:\Program Files\nodejs\node.exe C:\Users\User\AppData\Roaming\npm\node_modules\firebase-tools\lib\bin\firebase.js init hosting
[debug] [2024-05-03T18:08:32.771Z] CLI Version:   13.8.0
[debug] [2024-05-03T18:08:32.772Z] Platform:      win32
[debug] [2024-05-03T18:08:32.772Z] Node Version:  v18.18.2
[debug] [2024-05-03T18:08:32.774Z] Time:          Fri May 03 2024 19:08:32 GMT+0100 (West Africa Standard Time)
[debug] [2024-05-03T18:08:32.775Z] ----------------------------------------------------------------------
[debug] 
[debug] [2024-05-03T18:08:32.791Z] > command requires scopes: ["email","openid","https://www.googleapis.com/auth/cloudplatformprojects.readonly","https://www.googleapis.com/auth/firebase","https://www.googleapis.com/auth/cloud-platform"]
[debug] [2024-05-03T18:08:32.792Z] > authorizing via signed-in user (littlelightafricahosting@gmail.com)
[info] 
     ######## #### ########  ######## ########     ###     ######  ########
     ##        ##  ##     ## ##       ##     ##  ##   ##  ##       ##
     ######    ##  ########  ######   ########  #########  ######  ######
     ##        ##  ##    ##  ##       ##     ## ##     ##       ## ##
     ##       #### ##     ## ######## ########  ##     ##  ######  ########

You're about to initialize a Firebase project in this directory:

  C:\Users\User\Desktop\LittlelightAfrica

[info] 
=== Project Setup
[info] 
[info] First, let's associate this project directory with a Firebase project.
[info] You can create multiple project aliases by running firebase use --add, 
[info] but for now we'll just set up a default project.
[info] 
[debug] [2024-05-03T18:08:38.055Z] >>> [apiv2][query] GET https://firebase.googleapis.com/v1beta1/projects pageSize=100
[debug] [2024-05-03T18:09:03.644Z] *** [apiv2] error from fetch(https://firebase.googleapis.com/v1beta1/projects?pageSize=100, {"headers":{},"method":"GET","signal":{}}): FetchError: request to https://firebase.googleapis.com/v1beta1/projects?pageSize=100 failed, reason: read ECONNRESET
[debug] [2024-05-03T18:09:03.648Z] Failed to make request to https://firebase.googleapis.com/v1beta1/projects?pageSize=100
[debug] [2024-05-03T18:09:08.664Z] Error: Timed out.
    at Timeout._onTimeout (C:\Users\User\AppData\Roaming\npm\node_modules\firebase-tools\lib\utils.js:267:49)
    at listOnTimeout (node:internal/timers:569:17)
    at process.processTimers (node:internal/timers:512:7)
[error] 
[error] Error: An unexpected error has occurred.
